0 info it worked if it ends with ok
1 verbose cli [ '/usr/local/bin/node', '/usr/local/bin/npm', 'run', 'test' ]
2 info using npm@2.11.2
3 info using node@v0.12.6
4 verbose run-script [ 'pretest', 'test', 'posttest' ]
5 info pretest analytics.js-integration-doubleclick@1.0.0
6 info test analytics.js-integration-doubleclick@1.0.0
7 verbose unsafe-perm in lifecycle true
8 info analytics.js-integration-doubleclick@1.0.0 Failed to exec test script
9 verbose stack Error: analytics.js-integration-doubleclick@1.0.0 test: `make test`
9 verbose stack Exit status 2
9 verbose stack     at EventEmitter.<anonymous> (/usr/local/lib/node_modules/npm/lib/utils/lifecycle.js:213:16)
9 verbose stack     at EventEmitter.emit (events.js:110:17)
9 verbose stack     at ChildProcess.<anonymous> (/usr/local/lib/node_modules/npm/lib/utils/spawn.js:24:14)
9 verbose stack     at ChildProcess.emit (events.js:110:17)
9 verbose stack     at maybeClose (child_process.js:1015:16)
9 verbose stack     at Process.ChildProcess._handle.onexit (child_process.js:1087:5)
10 verbose pkgid analytics.js-integration-doubleclick@1.0.0
11 verbose cwd /home/schnie/repos/analytics.js-integration-doubleclick
12 error Linux 4.2.0-19-generic
13 error argv "/usr/local/bin/node" "/usr/local/bin/npm" "run" "test"
14 error node v0.12.6
15 error npm  v2.11.2
16 error code ELIFECYCLE
17 error analytics.js-integration-doubleclick@1.0.0 test: `make test`
17 error Exit status 2
18 error Failed at the analytics.js-integration-doubleclick@1.0.0 test script 'make test'.
18 error This is most likely a problem with the analytics.js-integration-doubleclick package,
18 error not with npm itself.
18 error Tell the author that this fails on your system:
18 error     make test
18 error You can get their info via:
18 error     npm owner ls analytics.js-integration-doubleclick
18 error There is likely additional logging output above.
19 verbose exit [ 1, true ]
